<?xml version="1.0" encoding="UTF-8"?>
<!-- Generated by org.testng.reporters.JUnitXMLReporter -->
<testsuite ignored="3" hostname="DESKTOP-FIK5SPH" failures="0" tests="6" name="TestSanity_Retesting_Regreession_suit" time="60.833" errors="0" timestamp="2023-12-31T16:59:52 IST">
  <testcase classname="testCases.Cart_Page_Test" name="verifyCartpageurlTest" time="1.17"/>
  <testcase classname="testCases.inventry_page_Test1" name="add6product" time="1.008"/>
  <testcase classname="testCases.inventry_page_Test1" name="verifyTwitterLogo" time="0.106"/>
  <testcase classname="testCases.inventry_page_Test1" name="remove2productTest" time="1.048"/>
  <testcase classname="testCases.LoginPageTest" name="loginToApplication" time="0.614"/>
  <testcase classname="testCases.LoginPageTest" name="verifyURLApplicationTest" time="0.099"/>
  <testcase classname="testCases.LoginPageTest" name="verifyTitleOfApplicationTest" time="0.0">
    <ignored/>
  </testcase> <!-- verifyTitleOfApplicationTest -->
  <testcase classname="testCases.inventry_page_Test1" name="verifyproductlable" time="0.0">
    <ignored/>
  </testcase> <!-- verifyproductlable -->
  <testcase classname="testCases.Cart_Page_Test" name="verifyCartPageLableTest" time="0.0">
    <ignored/>
  </testcase> <!-- verifyCartPageLableTest -->
</testsuite> <!-- TestSanity_Retesting_Regreession_suit -->
