<?xml version="1.0" encoding="UTF-8"?>
<testng-results ignored="3" total="9" passed="6" failed="0" skipped="0">
  <reporter-output>
    <line>
      <![CDATA[Current page URL of cart_page=https://www.saucedemo.com/cart.html]]>
    </line>
    <line>
      <![CDATA[Visibility of TwitterLogotrue]]>
    </line>
    <line>
      <![CDATA[Number of product aftre removing = 4]]>
    </line>
    <line>
      <![CDATA[After Login inventory page should be come = https://www.saucedemo.com/inventory.html]]>
    </line>
  </reporter-output>
  <suite started-at="2023-12-31T16:58:51 IST" name="Sanity_Retesting_Regreession_suit" finished-at="2023-12-31T16:59:52 IST" duration-ms="60833">
    <groups>
      <group name="Sanity">
        <method signature="Cart_Page_Test.verifyCartpageurlTest()[pri:1, instance:testCases.Cart_Page_Test@350aac89]" name="verifyCartpageurlTest" class="testCases.Cart_Page_Test"/>
        <method signature="inventry_page_Test1.add6product()[pri:1, instance:testCases.inventry_page_Test1@268f106e]" name="add6product" class="testCases.inventry_page_Test1"/>
        <method signature="LoginPageTest.loginToApplication()[pri:2, instance:testCases.LoginPageTest@6e9a5ed8]" name="loginToApplication" class="testCases.LoginPageTest"/>
        <method signature="LoginPageTest.verifyURLApplicationTest()[pri:3, instance:testCases.LoginPageTest@6e9a5ed8]" name="verifyURLApplicationTest" class="testCases.LoginPageTest"/>
        <method signature="inventry_page_Test1.verifyTwitterLogo()[pri:3, instance:testCases.inventry_page_Test1@268f106e]" name="verifyTwitterLogo" class="testCases.inventry_page_Test1"/>
        <method signature="inventry_page_Test1.remove2productTest()[pri:4, instance:testCases.inventry_page_Test1@268f106e]" name="remove2productTest" class="testCases.inventry_page_Test1"/>
      </group> <!-- Sanity -->
      <group name="Regreession">
        <method signature="inventry_page_Test1.add6product()[pri:1, instance:testCases.inventry_page_Test1@268f106e]" name="add6product" class="testCases.inventry_page_Test1"/>
        <method signature="LoginPageTest.loginToApplication()[pri:2, instance:testCases.LoginPageTest@6e9a5ed8]" name="loginToApplication" class="testCases.LoginPageTest"/>
        <method signature="inventry_page_Test1.remove2productTest()[pri:4, instance:testCases.inventry_page_Test1@268f106e]" name="remove2productTest" class="testCases.inventry_page_Test1"/>
      </group> <!-- Regreession -->
    </groups>
    <test started-at="2023-12-31T16:58:51 IST" name="TestSanity_Retesting_Regreession_suit" finished-at="2023-12-31T16:59:52 IST" duration-ms="60833">
      <class name="testCases.Cart_Page_Test">
        <test-method is-config="true" signature="setup()[pri:0, instance:testCases.Cart_Page_Test@350aac89]" started-at="2023-12-31T16:58:51 IST" name="setup" finished-at="2023-12-31T16:59:04 IST" duration-ms="13197" status="PASS">
          <reporter-output>
          </reporter-output>
        </test-method> <!-- setup -->
        <test-method signature="verifyCartpageurlTest()[pri:1, instance:testCases.Cart_Page_Test@350aac89]" started-at="2023-12-31T16:59:04 IST" name="verifyCartpageurlTest" finished-at="2023-12-31T16:59:05 IST" duration-ms="1170" status="PASS">
          <reporter-output>
            <line>
              <![CDATA[Current page URL of cart_page=https://www.saucedemo.com/cart.html]]>
            </line>
          </reporter-output>
        </test-method> <!-- verifyCartpageurlTest -->
        <test-method is-config="true" signature="closeBrowser(org.testng.ITestResult)[pri:0, instance:testCases.Cart_Page_Test@350aac89]" started-at="2023-12-31T16:59:05 IST" name="closeBrowser" finished-at="2023-12-31T16:59:05 IST" duration-ms="300" status="PASS">
          <params>
            <param index="0">
              <value>
                <![CDATA[[TestResult name=verifyCartpageurlTest status=SUCCESS method=Cart_Page_Test.verifyCartpageurlTest()[pri:1, instance:testCases.Cart_Page_Test@350aac89] output=Current page URL of cart_page=https://www.saucedemo.com/cart.html]]]>
              </value>
            </param>
          </params>
          <reporter-output>
          </reporter-output>
        </test-method> <!-- closeBrowser -->
      </class> <!-- testCases.Cart_Page_Test -->
      <class name="testCases.LoginPageTest">
        <test-method is-config="true" signature="setup()[pri:0, instance:testCases.LoginPageTest@6e9a5ed8]" started-at="2023-12-31T16:59:36 IST" name="setup" finished-at="2023-12-31T16:59:43 IST" duration-ms="7283" status="PASS">
          <reporter-output>
          </reporter-output>
        </test-method> <!-- setup -->
        <test-method signature="loginToApplication()[pri:2, instance:testCases.LoginPageTest@6e9a5ed8]" started-at="2023-12-31T16:59:43 IST" name="loginToApplication" finished-at="2023-12-31T16:59:44 IST" duration-ms="614" status="PASS">
          <reporter-output>
            <line>
              <![CDATA[After Login inventory page should be come = https://www.saucedemo.com/inventory.html]]>
            </line>
          </reporter-output>
        </test-method> <!-- loginToApplication -->
        <test-method is-config="true" signature="closeBrowser(org.testng.ITestResult)[pri:0, instance:testCases.LoginPageTest@6e9a5ed8]" started-at="2023-12-31T16:59:44 IST" name="closeBrowser" finished-at="2023-12-31T16:59:44 IST" duration-ms="250" status="PASS">
          <params>
            <param index="0">
              <value>
                <![CDATA[[TestResult name=loginToApplication status=SUCCESS method=LoginPageTest.loginToApplication()[pri:2, instance:testCases.LoginPageTest@6e9a5ed8] output=After Login inventory page should be come = https://www.saucedemo.com/inventory.html]]]>
              </value>
            </param>
          </params>
          <reporter-output>
          </reporter-output>
        </test-method> <!-- closeBrowser -->
        <test-method is-config="true" signature="setup()[pri:0, instance:testCases.LoginPageTest@6e9a5ed8]" started-at="2023-12-31T16:59:44 IST" name="setup" finished-at="2023-12-31T16:59:51 IST" duration-ms="7107" status="PASS">
          <reporter-output>
          </reporter-output>
        </test-method> <!-- setup -->
        <test-method signature="verifyURLApplicationTest()[pri:3, instance:testCases.LoginPageTest@6e9a5ed8]" started-at="2023-12-31T16:59:51 IST" name="verifyURLApplicationTest" finished-at="2023-12-31T16:59:51 IST" duration-ms="99" status="PASS">
          <reporter-output>
          </reporter-output>
        </test-method> <!-- verifyURLApplicationTest -->
        <test-method is-config="true" signature="closeBrowser(org.testng.ITestResult)[pri:0, instance:testCases.LoginPageTest@6e9a5ed8]" started-at="2023-12-31T16:59:51 IST" name="closeBrowser" finished-at="2023-12-31T16:59:52 IST" duration-ms="239" status="PASS">
          <params>
            <param index="0">
              <value>
                <![CDATA[[TestResult name=verifyURLApplicationTest status=SUCCESS method=LoginPageTest.verifyURLApplicationTest()[pri:3, instance:testCases.LoginPageTest@6e9a5ed8] output={null}]]]>
              </value>
            </param>
          </params>
          <reporter-output>
          </reporter-output>
        </test-method> <!-- closeBrowser -->
      </class> <!-- testCases.LoginPageTest -->
      <class name="testCases.inventry_page_Test1">
        <test-method is-config="true" signature="setup()[pri:0, instance:testCases.inventry_page_Test1@268f106e]" started-at="2023-12-31T16:59:05 IST" name="setup" finished-at="2023-12-31T16:59:14 IST" duration-ms="8825" status="PASS">
          <reporter-output>
          </reporter-output>
        </test-method> <!-- setup -->
        <test-method signature="add6product()[pri:1, instance:testCases.inventry_page_Test1@268f106e]" started-at="2023-12-31T16:59:14 IST" name="add6product" finished-at="2023-12-31T16:59:15 IST" duration-ms="1008" status="PASS">
          <reporter-output>
          </reporter-output>
        </test-method> <!-- add6product -->
        <test-method is-config="true" signature="closeBrowser(org.testng.ITestResult)[pri:0, instance:testCases.inventry_page_Test1@268f106e]" started-at="2023-12-31T16:59:15 IST" name="closeBrowser" finished-at="2023-12-31T16:59:16 IST" duration-ms="229" status="PASS">
          <params>
            <param index="0">
              <value>
                <![CDATA[[TestResult name=add6product status=SUCCESS method=inventry_page_Test1.add6product()[pri:1, instance:testCases.inventry_page_Test1@268f106e] output={null}]]]>
              </value>
            </param>
          </params>
          <reporter-output>
          </reporter-output>
        </test-method> <!-- closeBrowser -->
        <test-method is-config="true" signature="setup()[pri:0, instance:testCases.inventry_page_Test1@268f106e]" started-at="2023-12-31T16:59:16 IST" name="setup" finished-at="2023-12-31T16:59:25 IST" duration-ms="9156" status="PASS">
          <reporter-output>
          </reporter-output>
        </test-method> <!-- setup -->
        <test-method signature="verifyTwitterLogo()[pri:3, instance:testCases.inventry_page_Test1@268f106e]" started-at="2023-12-31T16:59:25 IST" name="verifyTwitterLogo" finished-at="2023-12-31T16:59:25 IST" duration-ms="106" status="PASS">
          <reporter-output>
            <line>
              <![CDATA[Visibility of TwitterLogotrue]]>
            </line>
          </reporter-output>
        </test-method> <!-- verifyTwitterLogo -->
        <test-method is-config="true" signature="closeBrowser(org.testng.ITestResult)[pri:0, instance:testCases.inventry_page_Test1@268f106e]" started-at="2023-12-31T16:59:25 IST" name="closeBrowser" finished-at="2023-12-31T16:59:25 IST" duration-ms="346" status="PASS">
          <params>
            <param index="0">
              <value>
                <![CDATA[[TestResult name=verifyTwitterLogo status=SUCCESS method=inventry_page_Test1.verifyTwitterLogo()[pri:3, instance:testCases.inventry_page_Test1@268f106e] output=Visibility of TwitterLogotrue]]]>
              </value>
            </param>
          </params>
          <reporter-output>
          </reporter-output>
        </test-method> <!-- closeBrowser -->
        <test-method is-config="true" signature="setup()[pri:0, instance:testCases.inventry_page_Test1@268f106e]" started-at="2023-12-31T16:59:25 IST" name="setup" finished-at="2023-12-31T16:59:35 IST" duration-ms="9497" status="PASS">
          <reporter-output>
          </reporter-output>
        </test-method> <!-- setup -->
        <test-method signature="remove2productTest()[pri:4, instance:testCases.inventry_page_Test1@268f106e]" started-at="2023-12-31T16:59:35 IST" name="remove2productTest" finished-at="2023-12-31T16:59:36 IST" duration-ms="1048" status="PASS">
          <reporter-output>
            <line>
              <![CDATA[Number of product aftre removing = 4]]>
            </line>
          </reporter-output>
        </test-method> <!-- remove2productTest -->
        <test-method is-config="true" signature="closeBrowser(org.testng.ITestResult)[pri:0, instance:testCases.inventry_page_Test1@268f106e]" started-at="2023-12-31T16:59:36 IST" name="closeBrowser" finished-at="2023-12-31T16:59:36 IST" duration-ms="203" status="PASS">
          <params>
            <param index="0">
              <value>
                <![CDATA[[TestResult name=remove2productTest status=SUCCESS method=inventry_page_Test1.remove2productTest()[pri:4, instance:testCases.inventry_page_Test1@268f106e] output=Number of product aftre removing = 4]]]>
              </value>
            </param>
          </params>
          <reporter-output>
          </reporter-output>
        </test-method> <!-- closeBrowser -->
      </class> <!-- testCases.inventry_page_Test1 -->
    </test> <!-- TestSanity_Retesting_Regreession_suit -->
  </suite> <!-- Sanity_Retesting_Regreession_suit -->
</testng-results>
